{"numFailedTestSuites":0,"numFailedTests":0,"numPassedTestSuites":1,"numPassedTests":12,"numPendingTestSuites":0,"numPendingTests":0,"numRuntimeErrorTestSuites":0,"numTodoTests":0,"numTotalTestSuites":1,"numTotalTests":12,"openHandles":[],"snapshot":{"added":0,"didUpdate":false,"failure":false,"filesAdded":0,"filesRemoved":0,"filesRemovedList":[],"filesUnmatched":0,"filesUpdated":0,"matched":0,"total":0,"unchecked":0,"uncheckedKeysByFile":[],"unmatched":0,"updated":0},"startTime":1748885127725,"success":true,"testResults":[{"assertionResults":[{"ancestorTitles":["useLazyScriptLoader"],"failureMessages":[],"fullName":"useLazyScriptLoader should have correct initial state","location":null,"status":"passed","title":"should have correct initial state"},{"ancestorTitles":["useLazyScriptLoader"],"failureMessages":[],"fullName":"useLazyScriptLoader should handle successful script load","location":null,"status":"passed","title":"should handle successful script load"},{"ancestorTitles":["useLazyScriptLoader"],"failureMessages":[],"fullName":"useLazyScriptLoader should handle script load error","location":null,"status":"passed","title":"should handle script load error"},{"ancestorTitles":["useLazyScriptLoader"],"failureMessages":[],"fullName":"useLazyScriptLoader should only append script once for multiple hooks with same URL","location":null,"status":"passed","title":"should only append script once for multiple hooks with same URL"},{"ancestorTitles":["useLazyScriptLoader"],"failureMessages":[],"fullName":"useLazyScriptLoader should update all hooks on error for same URL","location":null,"status":"passed","title":"should update all hooks on error for same URL"},{"ancestorTitles":["useLazyScriptLoader"],"failureMessages":[],"fullName":"useLazyScriptLoader should cleanup script when last hook unmounts","location":null,"status":"passed","title":"should cleanup script when last hook unmounts"},{"ancestorTitles":["useLazyScriptLoader"],"failureMessages":[],"fullName":"useLazyScriptLoader should cleanup script if unmounted before load and no other subscribers","location":null,"status":"passed","title":"should cleanup script if unmounted before load and no other subscribers"},{"ancestorTitles":["useLazyScriptLoader"],"failureMessages":[],"fullName":"useLazyScriptLoader should load different scripts independently","location":null,"status":"passed","title":"should load different scripts independently"},{"ancestorTitles":["useLazyScriptLoader"],"failureMessages":[],"fullName":"useLazyScriptLoader should not re-add script if re-rendered with same URL after load","location":null,"status":"passed","title":"should not re-add script if re-rendered with same URL after load"},{"ancestorTitles":["useLazyScriptLoader"],"failureMessages":[],"fullName":"useLazyScriptLoader should load new script and cleanup old if URL changes on rerender","location":null,"status":"passed","title":"should load new script and cleanup old if URL changes on rerender"},{"ancestorTitles":["useLazyScriptLoader"],"failureMessages":[],"fullName":"useLazyScriptLoader should return error if scriptUrl is empty","location":null,"status":"passed","title":"should return error if scriptUrl is empty"},{"ancestorTitles":["useLazyScriptLoader"],"failureMessages":[],"fullName":"useLazyScriptLoader should handle unmount before script load event fires (multiple hooks)","location":null,"status":"passed","title":"should handle unmount before script load event fires (multiple hooks)"}],"endTime":1748885129494,"message":"","name":"/app/src/useLazyScriptLoader.test.js","startTime":1748885128450,"status":"passed","summary":""}],"wasInterrupted":false}